
****** Vivado(TM) HLS - High-Level Synthesis from C, C++ and SystemC v2019.1 (64-bit)
  **** SW Build 2552052 on Fri May 24 14:47:09 MDT 2019
  **** IP Build 2548770 on Fri May 24 18:01:18 MDT 2019
    ** Copyright 1986-2019 Xilinx, Inc. All Rights Reserved.

source /opt/local/Xilinx/Vivado/2019.1/scripts/vivado_hls/hls.tcl -notrace
INFO: [HLS 200-10] Running '/opt/local/Xilinx/Vivado/2019.1/bin/unwrapped/lnx64.o/vivado_hls'
INFO: [HLS 200-10] For user 'pharris' on host 'correlator3.fnal.gov' (Linux_x86_64 version 3.10.0-1127.8.2.el7.x86_64) on Tue Aug 11 07:26:59 CDT 2020
INFO: [HLS 200-10] On os "Scientific Linux release 7.8 (Nitrogen)"
INFO: [HLS 200-10] In directory '/home/pharris/aigean/hls4ml/example-models/deepcalo_test_6/firmware/ips/bridges'
Sourcing Tcl script 'synth.tcl'
INFO: [HLS 200-10] Creating and opening project '/home/pharris/aigean/galapagos/userIP/hls_projects/hls4ml_galapagos_output_bridge_513'.
INFO: [HLS 200-10] Creating and opening solution '/home/pharris/aigean/galapagos/userIP/hls_projects/hls4ml_galapagos_output_bridge_513/solution1'.
WARNING: [HLS 200-483] The 'config_rtl -prefix' command is deprecated and will be removed in a future release. Use 'config_rtl -module_prefix' as its replaceININININFO: [HLS 200-10] Setting target device to 'xczu19eg-ffvc1760-2-i'
INFO: [XFORM 203-101] Allowed max sub elements number after partition is 4096.
INFO: [HLS 200-10] Adding design file '/home/pharris/aigean/hls4ml/example-models/deepcalo_test_6/firmware/ips/bridges/../srcs/galapagos_resnet_bridge.cpp' to the project
INFO: [SYN 201-201] Setting up clock 'default' with a period of 3.333ns.
INFO: [SCHED 204-61] Option 'relax_ii_for_timing' is enabled, will increase II to preserve clock frequency constraints.
INFO: [HLS 200-10] Analyzing design file '/home/pharris/aigean/hls4ml/example-models/deepcalo_test_6/firmware/ips/bridges/../srcs/galapagos_resnet_bridge.cpp'WAWARNWARNING: [HLS 200-40] In file included from /home/pharris/aigean/hls4ml/example-models/deepcalo_test_6/firmware/ips/bridges/../srcs/galapagos_resnet_bridge.cpp:2:
/home/pharris/aigean/hls4ml/example-models/deepcalo_test_6/firmware/ips/bridges/../include/_galapagos_resnet_bridge.hpp:4:10: fatal error: 'packet_size.h' file not found
#include "packet_size.h"
         ^
1 error generated.
C preprocessor failed.
    while executing
"source synth.tcl"
    invoked from within
"hls::main synth.tcl hls4ml_galapagos_output_bridge_513 ../../../../../../galapagos ../../../../../../libGalapagos output_513"
    ("uplevel" body line 1)
    invoked from within
"uplevel 1 hls::main {*}$args"
    (procedure "hls_proc" line 5)
    invoked from within
"hls_proc $argv"
INFO: [Common 17-206] Exiting vivado_hls at Tue Aug 11 07:27:02 2020...
...
