
****** Vivado(TM) HLS - High-Level Synthesis from C, C++ and SystemC v2019.1 (64-bit)
  **** SW Build 2552052 on Fri May 24 14:47:09 MDT 2019
  **** IP Build 2548770 on Fri May 24 18:01:18 MDT 2019
    ** Copyright 1986-2019 Xilinx, Inc. All Rights Reserved.

source /data/Xilinx/Vivado/Vivado/2019.1/scripts/vivado_hls/hls.tcl -notrace
INFO: [HLS 200-10] Running '/data/Xilinx/Vivado/Vivado/2019.1/bin/unwrapped/lnx64.o/vivado_hls'
INFO: [HLS 200-10] For user 'pharris' on host 'correlator2.fnal.gov' (Linux_x86_64 version 3.10.0-957.21.3.el7.x86_64) on Fri May 15 23:31:53 CDT 2020
INFO: [HLS 200-10] On os "Scientific Linux release 7.6 (Nitrogen)"
INFO: [HLS 200-10] In directory '/home/pharris/tmp3/test_hack7/tmp2/hls4ml/example-models/shomodel'
Sourcing Tcl script 'build_prj.tcl'
INFO: [HLS 200-10] Opening project '/home/pharris/tmp3/test_hack7/tmp2/hls4ml/example-models/shomodel/myproject_prj'.
INFO: [HLS 200-10] Adding design file 'firmware/myproject.cpp' to the project
INFO: [HLS 200-10] Adding test bench file 'myproject_test.cpp' to the project
INFO: [HLS 200-10] Adding test bench file 'firmware/weights' to the project
INFO: [HLS 200-10] Adding test bench file 'tb_data' to the project
INFO: [HLS 200-10] Opening solution '/home/pharris/tmp3/test_hack7/tmp2/hls4ml/example-models/shomodel/myproject_prj/solution1'.
INFO: [SYN 201-201] Setting up clock 'default' with a period of 5ns.
INFO: [HLS 200-10] Setting target device to 'xcku115-flvb2104-2-i'
INFO: [XFORM 203-101] Allowed max sub elements number after partition is 4096.
INFO: [XFORM 203-101] Allowed max sub elements number after partition is 4096.
***** C SIMULATION *****
INFO: [SIM 211-2] *************** CSIM start ***************
INFO: [SIM 211-4] CSIM will launch GCC as the compiler.
   Compiling ../../../../myproject_test.cpp in debug mode
   Compiling ../../../../firmware/myproject.cpp in debug mode
   Generating csim.exe
INFO: Unable to open input/predictions file, using default input.
WARNING: Hls::stream 'hls::stream<ap_fixed<16, 6, (ap_q_mode)5, (ap_o_mode)3, 0> >.2' is read while empty, which may result in RTL simulation hanging.
@E Simulation failed: SIGSEGV.
ERROR: [SIM 211-100] CSim failed with errors.
INFO: [SIM 211-3] *************** CSIM finish ***************
4
    while executing
"source build_prj.tcl"
    invoked from within
"hls::main build_prj.tcl"
    ("uplevel" body line 1)
    invoked from within
"uplevel 1 hls::main {*}$args"
    (procedure "hls_proc" line 5)
    invoked from within
"hls_proc $argv"
INFO: [Common 17-206] Exiting vivado_hls at Fri May 15 23:32:02 2020...
