
****** Vivado(TM) HLS - High-Level Synthesis from C, C++ and SystemC v2019.1 (64-bit)
  **** SW Build 2552052 on Fri May 24 14:47:09 MDT 2019
  **** IP Build 2548770 on Fri May 24 18:01:18 MDT 2019
    ** Copyright 1986-2019 Xilinx, Inc. All Rights Reserved.

source /opt/local/Xilinx/Vivado/2019.1/scripts/vivado_hls/hls.tcl -notrace
INFO: [HLS 200-10] Running '/opt/local/Xilinx/Vivado/2019.1/bin/unwrapped/lnx64.o/vivado_hls'
INFO: [HLS 200-10] For user 'pharris' on host 'correlator3.fnal.gov' (Linux_x86_64 version 3.10.0-1127.8.2.el7.x86_64) on Tue Aug 11 07:26:58 CDT 2020
INFO: [HLS 200-10] On os "Scientific Linux release 7.8 (Nitrogen)"
INFO: [HLS 200-10] In directory '/home/pharris/aigean/hls4ml/example-models/deepcalo_test_6/firmware/ips/layer9'
Sourcing Tcl script './synth.tcl'
INFO: [HLS 200-10] Creating and opening project '/home/pharris/aigean/galapagos/userIP/hls_projects/resnet_layer9'.
INFO: [HLS 200-10] Creating and opening solution '/home/pharris/aigean/galapagos/userIP/hls_projects/resnet_layer9/solution1'.
WARNING: [HLS 200-483] The 'config_rtl -prefix' command is deprecated and will be removed in a future release. Use 'config_rtl -module_prefix' as its replacement.
INFO: [HLS 200-10] Setting target device to 'xczu19eg-ffvc1760-2-i'
INFO: [XFORM 203-101] Allowed max sub elements number after partition is 4096.
WARNING: [HLS 200-40] Cannot find design file '/home/pharris/aigean/hls4ml/example-models/deepcalo_test_6/firmware/ips/layer9/../srcs/conv_2d_large_channels_last_port.cpp'
INFO: [SYN 201-201] Setting up clock 'default' with a period of 4ns.
INFO: [SCHED 204-61] Option 'relax_ii_for_timing' is enabled, will increase II to preserve clock frequency constraints.
WARNING: [HLS 200-40] Cannot find source file /home/pharris/aigean/hls4ml/example-models/deepcalo_test_6/firmware/ips/layer9/../srcs/conv_2d_large_channels_last_port.cpp; skipping it.
ERROR: [HLS 200-70] Cannot find any design unit to elaborate.
Error in linking the design.
    while executing
"source ../common/build.tcl"
    (file "./synth.tcl" line 9)
    invoked from within
"source ./synth.tcl"
    invoked from within
"hls::main ./synth.tcl layer9 ../../../firmware ../../../../../../galapagos"
    ("uplevel" body line 1)
    invoked from within
"uplevel 1 hls::main {*}$args"
    (procedure "hls_proc" line 5)
    invoked from within
"hls_proc $argv"
INFO: [Common 17-206] Exiting vivado_hls at Tue Aug 11 07:26:59 2020...
