
****** Vivado(TM) HLS - High-Level Synthesis from C, C++ and SystemC v2019.1.3 (64-bit)
  **** SW Build 2644227 on Wed Sep  4 09:44:18 MDT 2019
  **** IP Build 2633630 on Wed Sep  4 12:30:14 MDT 2019
    ** Copyright 1986-2019 Xilinx, Inc. All Rights Reserved.

source /opt/Xilinx/Vivado/2019.1/scripts/vivado_hls/hls.tcl -notrace
INFO: [HLS 200-10] Running '/opt/Xilinx/Vivado/2019.1/bin/unwrapped/lnx64.o/vivado_hls'
INFO: [HLS 200-10] For user 'tarafdar' on host 'localhost' (Linux_x86_64 version 4.4.0-159-generic) on Wed Jul 01 21:08:21 UTC 2020
INFO: [HLS 200-10] On os Ubuntu 16.04.6 LTS
INFO: [HLS 200-10] In directory '/home/tarafdar/workDir/reproducability/hls4ml/example-models/resnet50-hls-full_300mus/firmware/ips/layer167'
Sourcing Tcl script './synth.tcl'
INFO: [HLS 200-10] Creating and opening project '/home/tarafdar/workDir/reproducability/galapagos/userIP/hls_projects/resnet_layer167'.
INFO: [HLS 200-10] Creating and opening solution '/home/tarafdar/workDir/reproducability/galapagos/userIP/hls_projects/resnet_layer167/solution1'.
WARNING: [HLS 200-483] The 'config_rtl -prefix' command is deprecated and will be removed in a future release. Use 'config_rtl -module_prefix' as its replacement.
INFO: [HLS 200-10] Setting target device to 'xczu19eg-ffvc1760-2-i'
INFO: [XFORM 203-101] Allowed max sub elements number after partition is 4096.
INFO: [HLS 200-10] Adding design file '/home/tarafdar/workDir/reproducability/hls4ml/example-models/resnet50-hls-full_300mus/firmware/ips/layer167/../srcs/conv_2d_large_cl_port.cpp' to the project
INFO: [SYN 201-201] Setting up clock 'default' with a period of 4ns.
INFO: [SCHED 204-61] Option 'relax_ii_for_timing' is enabled, will increase II to preserve clock frequency constraints.
INFO: [HLS 200-10] Analyzing design file '/home/tarafdar/workDir/reproducability/hls4ml/example-models/resnet50-hls-full_300mus/firmware/ips/layer167/../srcs/conv_2d_large_cl_port.cpp' ... 
WARNING: [HLS 214-114] Since the only kind of statements allowed in a dataflow region are variable declarations and function calls, the compiler may not be able to correctly handle the region: /home/tarafdar/workDir/reproducability/hls4ml/example-models/resnet50-hls-full_300mus/firmware/ips/layer167/../../../firmware/nnet_utils/nnet_dense.h:152:9
WARNING: [HLS 214-104] Only for-loops and functions support the dataflow: /home/tarafdar/workDir/reproducability/hls4ml/example-models/resnet50-hls-full_300mus/firmware/ips/layer167/../../../firmware/nnet_utils/nnet_dense.h:164:9
WARNING: [HLS 214-104] Only for-loops and functions support the dataflow: /home/tarafdar/workDir/reproducability/hls4ml/example-models/resnet50-hls-full_300mus/firmware/ips/layer167/../../../firmware/nnet_utils/nnet_batchnorm.h:76:9
WARNING: [HLS 214-111] Static scalars and arrays declared inside a dataflow region will be treated like local variables: /home/tarafdar/workDir/reproducability/hls4ml/example-models/resnet50-hls-full_300mus/firmware/ips/layer167/../../../firmware/nnet_utils/nnet_conv2d_large.h:407:24
WARNING: [HLS 214-113] Either use an argument of the function or declare the variable inside the dataflow loop body: /home/tarafdar/workDir/reproducability/hls4ml/example-models/resnet50-hls-full_300mus/firmware/ips/layer167/../srcs/conv_2d_large_cl_port.cpp:20:87
WARNING: [HLS 200-471] Dataflow form checks found 5 issue(s) in file /home/tarafdar/workDir/reproducability/hls4ml/example-models/resnet50-hls-full_300mus/firmware/ips/layer167/../srcs/conv_2d_large_cl_port.cpp
INFO: [HLS 200-111] Finished Linking Time (s): cpu = 00:00:24 ; elapsed = 00:00:25 . Memory (MB): peak = 826.633 ; gain = 128.000 ; free physical = 5824 ; free virtual = 74801
INFO: [HLS 200-111] Finished Checking Pragmas Time (s): cpu = 00:00:24 ; elapsed = 00:00:25 . Memory (MB): peak = 826.633 ; gain = 128.000 ; free physical = 5823 ; free virtual = 74800
INFO: [HLS 200-10] Starting code transformations ...
INFO: [HLS 200-111] Finished Standard Transforms Time (s): cpu = 00:00:26 ; elapsed = 00:00:27 . Memory (MB): peak = 826.633 ; gain = 128.000 ; free physical = 4979 ; free virtual = 73963
INFO: [HLS 200-10] Checking synthesizability ...
INFO: [XFORM 203-602] Inlining function 'nnet::cast<ap_uint<8>, ap_uint<8>, config167_mult>' into 'nnet::dense_large_rf_leq_nin<ap_uint<8>, ap_uint<8>, config167_mult>' (/home/tarafdar/workDir/reproducability/hls4ml/example-models/resnet50-hls-full_300mus/firmware/ips/layer167/../../../firmware/nnet_utils/nnet_dense_large.h:101) automatically.
INFO: [XFORM 203-602] Inlining function 'nnet::dense_large<ap_uint<8>, ap_uint<8>, config167_mult>' into 'nnet::conv_2d_large_cl<ap_uint<8>, ap_uint<8>, config167>' (/home/tarafdar/workDir/reproducability/hls4ml/example-models/resnet50-hls-full_300mus/firmware/ips/layer167/../../../firmware/nnet_utils/nnet_conv2d_large.h:329) automatically.
INFO: [XFORM 203-602] Inlining function 'nnet::relu<ap_uint<8>, ap_uint<8>, config167_relu>' into 'nnet::conv_2d_large_cl<ap_uint<8>, ap_uint<8>, config167>' (/home/tarafdar/workDir/reproducability/hls4ml/example-models/resnet50-hls-full_300mus/firmware/ips/layer167/../../../firmware/nnet_utils/nnet_conv2d_large.h:330) automatically.
INFO: [HLS 200-111] Finished Checking Synthesizability Time (s): cpu = 00:00:26 ; elapsed = 00:00:27 . Memory (MB): peak = 826.633 ; gain = 128.000 ; free physical = 4971 ; free virtual = 73956
INFO: [XFORM 203-502] Unrolling all loops for pipelining in function 'nnet::fill_image<ap_uint<8>, ap_uint<8>, config167>' (/home/tarafdar/workDir/reproducability/hls4ml/example-models/resnet50-hls-full_300mus/firmware/ips/layer167/../../../firmware/nnet_utils/nnet_conv2d_large.h:123).
INFO: [XFORM 203-502] Unrolling all sub-loops inside loop 'ReuseLoop' (/home/tarafdar/workDir/reproducability/hls4ml/example-models/resnet50-hls-full_300mus/firmware/ips/layer167/../../../firmware/nnet_utils/nnet_dense_large.h:65) in function 'nnet::dense_large_rf_leq_nin<ap_uint<8>, ap_uint<8>, config167_mult>' for pipelining.
INFO: [XFORM 203-502] Unrolling all loops for pipelining in function 'nnet::cnnshift<ap_uint<8>, ap_uint<8>, config167>' (/home/tarafdar/workDir/reproducability/hls4ml/example-models/resnet50-hls-full_300mus/firmware/ips/layer167/../../../firmware/nnet_utils/nnet_conv2d_large.h:236).
INFO: [XFORM 203-502] Unrolling all loops for pipelining in function 'nnet::cnnshiftzero<ap_uint<8>, ap_uint<8>, config167>' (/home/tarafdar/workDir/reproducability/hls4ml/example-models/resnet50-hls-full_300mus/firmware/ips/layer167/../../../firmware/nnet_utils/nnet_conv2d_large.h:263).
INFO: [XFORM 203-502] Unrolling all loops for pipelining in function 'nnet::shift_right_small<ap_uint<8>, ap_uint<8>, config167>' (/home/tarafdar/workDir/reproducability/hls4ml/example-models/resnet50-hls-full_300mus/firmware/ips/layer167/../../../firmware/nnet_utils/nnet_conv2d_large.h:100).
WARNING: [XFORM 203-505] Ignored pipeline directive for loop 'Loop-1' (/home/tarafdar/workDir/reproducability/hls4ml/example-models/resnet50-hls-full_300mus/firmware/ips/layer167/../../../firmware/nnet_utils/nnet_conv2d_large.h:105) because its parent loop or function is pipelined.
INFO: [HLS 200-489] Unrolling loop 'Loop-1' (/home/tarafdar/workDir/reproducability/hls4ml/example-models/resnet50-hls-full_300mus/firmware/ips/layer167/../../../firmware/nnet_utils/nnet_conv2d_large.h:127) in function 'nnet::fill_image<ap_uint<8>, ap_uint<8>, config167>' completely with a factor of 513.
INFO: [HLS 200-489] Unrolling loop 'Loop-1' (/home/tarafdar/workDir/reproducability/hls4ml/example-models/resnet50-hls-full_300mus/firmware/ips/layer167/../../../firmware/nnet_utils/nnet_activation.h:84) in function 'nnet::relu<ap_uint<8>, ap_uint<8>, config167_relu>' completely with a factor of 512.
INFO: [HLS 200-489] Unrolling loop 'InitAccum' (/home/tarafdar/workDir/reproducability/hls4ml/example-models/resnet50-hls-full_300mus/firmware/ips/layer167/../../../firmware/nnet_utils/nnet_dense_large.h:59) in function 'nnet::dense_large_rf_leq_nin<ap_uint<8>, ap_uint<8>, config167_mult>' completely with a factor of 512.
INFO: [HLS 200-489] Unrolling loop 'MultLoop' (/home/tarafdar/workDir/reproducability/hls4ml/example-models/resnet50-hls-full_300mus/firmware/ips/layer167/../../../firmware/nnet_utils/nnet_dense_large.h:76) in function 'nnet::dense_large_rf_leq_nin<ap_uint<8>, ap_uint<8>, config167_mult>' completely with a factor of 2048.
INFO: [HLS 200-489] Unrolling loop 'Loop-2.2' (/home/tarafdar/workDir/reproducability/hls4ml/example-models/resnet50-hls-full_300mus/firmware/ips/layer167/../../../firmware/nnet_utils/nnet_dense_large.h:85) in function 'nnet::dense_large_rf_leq_nin<ap_uint<8>, ap_uint<8>, config167_mult>' completely with a factor of 2048.
INFO: [HLS 200-489] Unrolling loop 'Result' (/home/tarafdar/workDir/reproducability/hls4ml/example-models/resnet50-hls-full_300mus/firmware/ips/layer167/../../../firmware/nnet_utils/nnet_dense_large.h:99) in function 'nnet::dense_large_rf_leq_nin<ap_uint<8>, ap_uint<8>, config167_mult>' completely with a factor of 512.
INFO: [HLS 200-489] Unrolling loop 'Loop-1' (/home/tarafdar/workDir/reproducability/hls4ml/example-models/resnet50-hls-full_300mus/firmware/ips/layer167/../../../firmware/nnet_utils/nnet_conv2d_large.h:247) in function 'nnet::cnnshift<ap_uint<8>, ap_uint<8>, config167>' completely with a factor of 512.
INFO: [HLS 200-489] Unrolling loop 'Loop-1.1' (/home/tarafdar/workDir/reproducability/hls4ml/example-models/resnet50-hls-full_300mus/firmware/ips/layer167/../../../firmware/nnet_utils/nnet_conv2d_large.h:251) in function 'nnet::cnnshift<ap_uint<8>, ap_uint<8>, config167>' completely with a factor of 2.
INFO: [HLS 200-489] Unrolling loop 'Loop-1' (/home/tarafdar/workDir/reproducability/hls4ml/example-models/resnet50-hls-full_300mus/firmware/ips/layer167/../../../firmware/nnet_utils/nnet_conv2d_large.h:273) in function 'nnet::cnnshiftzero<ap_uint<8>, ap_uint<8>, config167>' completely with a factor of 512.
INFO: [HLS 200-489] Unrolling loop 'Loop-1.1' (/home/tarafdar/workDir/reproducability/hls4ml/example-models/resnet50-hls-full_300mus/firmware/ips/layer167/../../../firmware/nnet_utils/nnet_conv2d_large.h:277) in function 'nnet::cnnshiftzero<ap_uint<8>, ap_uint<8>, config167>' completely with a factor of 2.
INFO: [HLS 200-489] Unrolling loop 'Loop-1' (/home/tarafdar/workDir/reproducability/hls4ml/example-models/resnet50-hls-full_300mus/firmware/ips/layer167/../../../firmware/nnet_utils/nnet_conv2d_large.h:105) in function 'nnet::shift_right_small<ap_uint<8>, ap_uint<8>, config167>' completely with a factor of 2.
INFO: [HLS 200-489] Unrolling loop 'Loop-1.1' (/home/tarafdar/workDir/reproducability/hls4ml/example-models/resnet50-hls-full_300mus/firmware/ips/layer167/../../../firmware/nnet_utils/nnet_conv2d_large.h:107) in function 'nnet::shift_right_small<ap_uint<8>, ap_uint<8>, config167>' completely with a factor of 3.
INFO: [HLS 200-489] Unrolling loop 'Loop-1.1.1' (/home/tarafdar/workDir/reproducability/hls4ml/example-models/resnet50-hls-full_300mus/firmware/ips/layer167/../../../firmware/nnet_utils/nnet_conv2d_large.h:108) in function 'nnet::shift_right_small<ap_uint<8>, ap_uint<8>, config167>' completely with a factor of 512.
INFO: [HLS 200-489] Unrolling loop 'Loop-2' (/home/tarafdar/workDir/reproducability/hls4ml/example-models/resnet50-hls-full_300mus/firmware/ips/layer167/../../../firmware/nnet_utils/nnet_conv2d_large.h:114) in function 'nnet::shift_right_small<ap_uint<8>, ap_uint<8>, config167>' completely with a factor of 3.
INFO: [HLS 200-489] Unrolling loop 'Loop-2.1' (/home/tarafdar/workDir/reproducability/hls4ml/example-models/resnet50-hls-full_300mus/firmware/ips/layer167/../../../firmware/nnet_utils/nnet_conv2d_large.h:116) in function 'nnet::shift_right_small<ap_uint<8>, ap_uint<8>, config167>' completely with a factor of 512.
